<?xml version="1.0" encoding="UTF-8"?>
<testsuite xmlns:xsi="http://www.w3.org/2001/XMLSchema-instance" xsi:noNamespaceSchemaLocation="https://maven.apache.org/surefire/maven-surefire-plugin/xsd/surefire-test-report.xsd" version="3.0.2" name="com.ecommerce.product.interfaces.rest.ProductControllerTest" time="3.725" tests="5" errors="0" skipped="0" failures="0" flakes="0">
  <properties>
[...]
</properties>
  <testcase name="getProductReturnsNotFound" classname="com.ecommerce.product.interfaces.rest.ProductControllerTest" time="0.503">
    <system-out><![CDATA[2026-06-07T21:56:19.968+05:30  INFO 17264 --- [product-service] [           main] t.c.s.AnnotationConfigContextLoaderUtils : Could not detect default configuration classes for test class [com.ecommerce.product.interfaces.rest.ProductControllerTest]: ProductControllerTest does not declare any static, non-private, non-final, nested classes annotated with @Configuration.
2026-06-07T21:56:20.087+05:30  INFO 17264 --- [product-service] [           main] .b.t.c.SpringBootTestContextBootstrapper : Found @SpringBootConfiguration com.ecommerce.product.ProductServiceApplication for test class com.ecommerce.product.interfaces.rest.ProductControllerTest

  .   ____          _            __ _ _
 /\\ / ___'_ __ _ _(_)_ __  __ _ \ \ \ \
( ( )\___ | '_ | '_| | '_ \/ _` | \ \ \ \
 \\/  ___)| |_)| | | | | || (_| |  ) ) ) )
  '  |____| .__|_| |_|_| |_\__, | / / / /
 =========|_|==============|___/=/_/_/_/

 :: Spring Boot ::               (v3.5.13)

2026-06-07T21:56:20.165+05:30  INFO 17264 --- [product-service] [           main] c.e.p.i.rest.ProductControllerTest       : Starting ProductControllerTest using Java 23.0.2 with PID 17264 (started by mdadn in C:\Users\mdadn\OneDrive\Documents\ecom\backend\product-service)
2026-06-07T21:56:20.165+05:30  INFO 17264 --- [product-service] [           main] c.e.p.i.rest.ProductControllerTest       : No active profile set, falling back to 1 default profile: "default"
2026-06-07T21:56:21.896+05:30  WARN 17264 --- [product-service] [           main] .s.s.UserDetailsServiceAutoConfiguration : 

Using generated security password: 92076151-5982-4556-8a6d-4aee3681e64a

This generated password is for development use only. Your security configuration must be updated before running your application in production.

2026-06-07T21:56:21.911+05:30  INFO 17264 --- [product-service] [           main] r$InitializeUserDetailsManagerConfigurer : Global AuthenticationManager configured with UserDetailsService bean with name inMemoryUserDetailsManager
2026-06-07T21:56:22.232+05:30  INFO 17264 --- [product-service] [           main] o.s.b.t.m.w.SpringBootMockServletContext : Initializing Spring TestDispatcherServlet ''
2026-06-07T21:56:22.274+05:30  INFO 17264 --- [product-service] [           main] o.s.t.web.servlet.TestDispatcherServlet  : Initializing Servlet ''
2026-06-07T21:56:22.280+05:30  INFO 17264 --- [product-service] [           main] o.s.t.web.servlet.TestDispatcherServlet  : Completed initialization in 2 ms
2026-06-07T21:56:22.319+05:30  INFO 17264 --- [product-service] [           main] c.e.p.i.rest.ProductControllerTest       : Started ProductControllerTest in 2.22 seconds (process running for 34.935)
]]></system-out>
  </testcase>
  <testcase name="getAllReturnsProducts" classname="com.ecommerce.product.interfaces.rest.ProductControllerTest" time="0.284"/>
  <testcase name="getProductReturnsProduct" classname="com.ecommerce.product.interfaces.rest.ProductControllerTest" time="0.053"/>
  <testcase name="createProductReturnsCreated" classname="com.ecommerce.product.interfaces.rest.ProductControllerTest" time="0.376"/>
  <testcase name="createProductRejectsInvalidPayload" classname="com.ecommerce.product.interfaces.rest.ProductControllerTest" time="0.087"/>
</testsuite>