<?xml version="1.0" encoding="UTF-8"?>
<testsuite xmlns:xsi="http://www.w3.org/2001/XMLSchema-instance" xsi:noNamespaceSchemaLocation="https://maven.apache.org/surefire/maven-surefire-plugin/xsd/surefire-test-report.xsd" version="3.0.2" name="com.ecommerce.product.domain.repository.ProductRepositoryIntegrationTest" time="13.128" tests="1" errors="0" skipped="0" failures="0" flakes="0">
  <properties>
[...]
</properties>
  <testcase name="searchFindsProductsAcrossNameDescriptionAndCategory" classname="com.ecommerce.product.domain.repository.ProductRepositoryIntegrationTest" time="0.732">
    <system-out><![CDATA[21:55:56.559 [main] INFO org.springframework.test.context.support.AnnotationConfigContextLoaderUtils -- Could not detect default configuration classes for test class [com.ecommerce.product.domain.repository.ProductRepositoryIntegrationTest]: ProductRepositoryIntegrationTest does not declare any static, non-private, non-final, nested classes annotated with @Configuration.
21:55:57.548 [main] INFO org.springframework.boot.test.context.SpringBootTestContextBootstrapper -- Found @SpringBootConfiguration com.ecommerce.product.ProductServiceApplication for test class com.ecommerce.product.domain.repository.ProductRepositoryIntegrationTest

  .   ____          _            __ _ _
 /\\ / ___'_ __ _ _(_)_ __  __ _ \ \ \ \
( ( )\___ | '_ | '_| | '_ \/ _` | \ \ \ \
 \\/  ___)| |_)| | | | | || (_| |  ) ) ) )
  '  |____| .__|_| |_|_| |_\__, | / / / /
 =========|_|==============|___/=/_/_/_/

 :: Spring Boot ::               (v3.5.13)

2026-06-07T21:55:59.655+05:30  INFO 17264 --- [product-service] [           main] e.p.d.r.ProductRepositoryIntegrationTest : Starting ProductRepositoryIntegrationTest using Java 23.0.2 with PID 17264 (started by mdadn in C:\Users\mdadn\OneDrive\Documents\ecom\backend\product-service)
2026-06-07T21:55:59.657+05:30  INFO 17264 --- [product-service] [           main] e.p.d.r.ProductRepositoryIntegrationTest : The following 1 profile is active: "test"
2026-06-07T21:56:01.505+05:30  INFO 17264 --- [product-service] [           main] .s.d.r.c.RepositoryConfigurationDelegate : Bootstrapping Spring Data JPA repositories in DEFAULT mode.
2026-06-07T21:56:02.021+05:30  INFO 17264 --- [product-service] [           main] .s.d.r.c.RepositoryConfigurationDelegate : Finished Spring Data repository scanning in 461 ms. Found 1 JPA repository interface.
2026-06-07T21:56:02.182+05:30  INFO 17264 --- [product-service] [           main] beddedDataSourceBeanFactoryPostProcessor : Replacing 'dataSource' DataSource bean with embedded version
2026-06-07T21:56:02.520+05:30  INFO 17264 --- [product-service] [           main] o.s.j.d.e.EmbeddedDatabaseFactory        : Starting embedded database: url='jdbc:h2:mem:4b11b727-a7a5-457f-9885-020e3aa2fb9a;DB_CLOSE_DELAY=-1;DB_CLOSE_ON_EXIT=false', username='sa'
2026-06-07T21:56:03.377+05:30  INFO 17264 --- [product-service] [           main] o.hibernate.jpa.internal.util.LogHelper  : HHH000204: Processing PersistenceUnitInfo [name: default]
2026-06-07T21:56:03.561+05:30  INFO 17264 --- [product-service] [           main] org.hibernate.Version                    : HHH000412: Hibernate ORM core version 6.6.45.Final
2026-06-07T21:56:03.677+05:30  INFO 17264 --- [product-service] [           main] o.h.c.internal.RegionFactoryInitiator    : HHH000026: Second-level cache disabled
2026-06-07T21:56:04.138+05:30  INFO 17264 --- [product-service] [           main] o.s.o.j.p.SpringPersistenceUnitInfo      : No LoadTimeWeaver setup: ignoring JPA class transformer
2026-06-07T21:56:04.304+05:30  WARN 17264 --- [product-service] [           main] org.hibernate.orm.deprecation            : HHH90000025: H2Dialect does not need to be specified explicitly using 'hibernate.dialect' (remove the property setting and it will be selected by default)
2026-06-07T21:56:04.375+05:30  INFO 17264 --- [product-service] [           main] org.hibernate.orm.connections.pooling    : HHH10001005: Database info:
	Database JDBC URL [Connecting through datasource 'org.springframework.jdbc.datasource.embedded.EmbeddedDatabaseFactory$EmbeddedDataSourceProxy@6cfd08e9']
	Database driver: undefined/unknown
	Database version: 2.3.232
	Autocommit mode: undefined/unknown
	Isolation level: undefined/unknown
	Minimum pool size: undefined/unknown
	Maximum pool size: undefined/unknown
2026-06-07T21:56:06.821+05:30  INFO 17264 --- [product-service] [           main] o.h.e.t.j.p.i.JtaPlatformInitiator       : HHH000489: No JTA platform available (set 'hibernate.transaction.jta.platform' to enable JTA platform integration)
Hibernate: 
    drop table if exists products cascade 
Hibernate: 
    create table products (
        price numeric(12,2) not null,
        stock_quantity integer not null,
        created_at timestamp(6) with time zone not null,
        id bigint generated by default as identity,
        description varchar(2000),
        category varchar(255) not null,
        image_url varchar(255),
        name varchar(255) not null,
        primary key (id)
    )
2026-06-07T21:56:06.998+05:30  INFO 17264 --- [product-service] [           main] j.LocalContainerEntityManagerFactoryBean : Initialized JPA EntityManagerFactory for persistence unit 'default'
2026-06-07T21:56:08.521+05:30  INFO 17264 --- [product-service] [           main] e.p.d.r.ProductRepositoryIntegrationTest : Started ProductRepositoryIntegrationTest in 10.587 seconds (process running for 21.136)
Hibernate: 
    insert 
    into
        products
        (category, created_at, description, image_url, name, price, stock_quantity, id) 
    values
        (?, ?, ?, ?, ?, ?, ?, default)
Hibernate: 
    select
        p1_0.id,
        p1_0.category,
        p1_0.created_at,
        p1_0.description,
        p1_0.image_url,
        p1_0.name,
        p1_0.price,
        p1_0.stock_quantity 
    from
        products p1_0 
    where
        upper(p1_0.name) like upper(?) escape '\' 
        or upper(p1_0.description) like upper(?) escape '\' 
        or upper(p1_0.category) like upper(?) escape '\'
]]></system-out>
  </testcase>
</testsuite>